AH           4        8
AL           0        8
AX           0        16
BH           7        8
BL           3        8
BP           5        16
BX           3        16
CH           5        8
CL           1        8
CR0          0        33
CR2          2        33
CR3          3        33
CR4          4        33
CS           1        17
CX           1        16
DH           6        8
DI           7        16
DL           2        8
DR0          0        34
DR1          1        34
DR2          2        34
DR3          3        34
DR6          6        34
DR7          7        34
DS           3        17
DX           2        16
EAX          0        32
EBP          5        32
EBX          3        32
ECX          1        32
EDI          7        32
EDX          2        32
ES           0        17
ESI          6        32
ESP          4        32
FS           4        18
GS           5        18
MM0          0        64
MM1          1        64
MM2          2        64
MM3          3        64
MM4          4        64
MM5          5        64
MM6          6        64
MM7          7        64
SI           6        16
SP           4        16
SS           2        17
ST           8        80
ST0          0        80
ST1          1        80
ST2          2        80
ST3          3        80
ST4          4        80
ST5          5        80
ST6          6        80
ST7          7        80
TR3          3        35
TR4          4        35
TR5          5        35
TR6          6        35
TR7          7        35